# JRE version: OpenJDK Runtime Environment Temurin-21.0.10+7 (21.0.10+7) (build 21.0.10+7-LTS)
# Java VM: OpenJDK 64-Bit Server VM Temurin-21.0.10+7 (21.0.10+7-LTS, mixed mode, sharing, tiered, compressed oops, compressed class ptrs, parallel gc, windows-amd64)
GC Precious Log:
 CardTable entry size: 512
 CPUs: 12 total, 12 available
 Memory: 7877M
 Large Page Support: Disabled
 NUMA Support: Disabled
 Compressed Oops: Enabled (32-bit)
 Alignments: Space 512K, Generation 512K, Heap 2M
 Heap Min Capacity: 100M
 Heap Initial Capacity: 100M
 Heap Max Capacity: 2G
 Pre-touch: Disabled
 Parallel Workers: 10
Heap:
 PSYoungGen      total 2560K, used 1239K [0x00000000d5580000, 0x00000000d5a00000, 0x0000000100000000)
  eden space 2048K, 51% used [0x00000000d5580000,0x00000000d5685d48,0x00000000d5780000)
  from space 512K, 37% used [0x00000000d5900000,0x00000000d5930000,0x00000000d5980000)
  to   space 512K, 0% used [0x00000000d5980000,0x00000000d5980000,0x00000000d5a00000)
 ParOldGen       total 250368K, used 250028K [0x0000000080000000, 0x000000008f480000, 0x00000000d5580000)
  object space 250368K, 99% used [0x0000000080000000,0x000000008f42b258,0x000000008f480000)
 Metaspace       used 89115K, committed 90944K, reserved 1179648K
  class space    used 9455K, committed 10240K, reserved 1048576K
GC Heap History (20 events):
Event: 3822.555 GC heap before
{Heap before GC invocations=386 (full 4):
 PSYoungGen      total 3584K, used 3200K [0x00000000d5580000, 0x00000000d5b80000, 0x0000000100000000)
  eden space 2048K, 100% used [0x00000000d5580000,0x00000000d5780000,0x00000000d5780000)
  from space 1536K, 75% used [0x00000000d5800000,0x00000000d5920000,0x00000000d5980000)
  to   space 1536K, 0% used [0x00000000d5a00000,0x00000000d5a00000,0x00000000d5b80000)
 ParOldGen       total 247808K, used 247384K [0x0000000080000000, 0x000000008f200000, 0x00000000d5580000)
  object space 247808K, 99% used [0x0000000080000000,0x000000008f196258,0x000000008f200000)
 Metaspace       used 89000K, committed 90816K, reserved 1179648K
  class space    used 9454K, committed 10240K, reserved 1048576K
}
Event: 3822.562 GC heap after
{Heap after GC invocations=386 (full 4):
 PSYoungGen      total 3072K, used 623K [0x00000000d5580000, 0x00000000d5b00000, 0x0000000100000000)
  eden space 2048K, 0% used [0x00000000d5580000,0x00000000d5580000,0x00000000d5780000)
  from space 1024K, 60% used [0x00000000d5a00000,0x00000000d5a9bd28,0x00000000d5b00000)
  to   space 1024K, 0% used [0x00000000d5900000,0x00000000d5900000,0x00000000d5a00000)
 ParOldGen       total 248832K, used 248416K [0x0000000080000000, 0x000000008f300000, 0x00000000d5580000)
  object space 248832K, 99% used [0x0000000080000000,0x000000008f298258,0x000000008f300000)
 Metaspace       used 89000K, committed 90816K, reserved 1179648K
  class space    used 9454K, committed 10240K, reserved 1048576K
}
Event: 3822.836 GC heap before
{Heap before GC invocations=387 (full 4):
 PSYoungGen      total 3072K, used 2671K [0x00000000d5580000, 0x00000000d5b00000, 0x0000000100000000)
  eden space 2048K, 100% used [0x00000000d5580000,0x00000000d5780000,0x00000000d5780000)
  from space 1024K, 60% used [0x00000000d5a00000,0x00000000d5a9bd28,0x00000000d5b00000)
  to   space 1024K, 0% used [0x00000000d5900000,0x00000000d5900000,0x00000000d5a00000)
 ParOldGen       total 248832K, used 248416K [0x0000000080000000, 0x000000008f300000, 0x00000000d5580000)
  object space 248832K, 99% used [0x0000000080000000,0x000000008f298258,0x000000008f300000)
 Metaspace       used 89032K, committed 90880K, reserved 1179648K
  class space    used 9455K, committed 10240K, reserved 1048576K
}
Event: 3822.840 GC heap after
{Heap after GC invocations=387 (full 4):
 PSYoungGen      total 3072K, used 739K [0x00000000d5580000, 0x00000000d5a80000, 0x0000000100000000)
  eden space 2048K, 0% used [0x00000000d5580000,0x00000000d5580000,0x00000000d5780000)
  from space 1024K, 72% used [0x00000000d5900000,0x00000000d59b8e38,0x00000000d5a00000)
  to   space 512K, 0% used [0x00000000d5a00000,0x00000000d5a00000,0x00000000d5a80000)
 ParOldGen       total 249344K, used 248848K [0x0000000080000000, 0x000000008f380000, 0x00000000d5580000)
  object space 249344K, 99% used [0x0000000080000000,0x000000008f304110,0x000000008f380000)
 Metaspace       used 89032K, committed 90880K, reserved 1179648K
  class space    used 9455K, committed 10240K, reserved 1048576K
}
Event: 3822.911 GC heap before
{Heap before GC invocations=388 (full 4):
 PSYoungGen      total 3072K, used 2787K [0x00000000d5580000, 0x00000000d5a80000, 0x0000000100000000)
  eden space 2048K, 100% used [0x00000000d5580000,0x00000000d5780000,0x00000000d5780000)
  from space 1024K, 72% used [0x00000000d5900000,0x00000000d59b8e38,0x00000000d5a00000)
  to   space 512K, 0% used [0x00000000d5a00000,0x00000000d5a00000,0x00000000d5a80000)
 ParOldGen       total 249344K, used 248848K [0x0000000080000000, 0x000000008f380000, 0x00000000d5580000)
  object space 249344K, 99% used [0x0000000080000000,0x000000008f304110,0x000000008f380000)
 Metaspace       used 89045K, committed 90880K, reserved 1179648K
  class space    used 9455K, committed 10240K, reserved 1048576K
}
Event: 3822.916 GC heap after
{Heap after GC invocations=388 (full 4):
 PSYoungGen      total 2560K, used 512K [0x00000000d5580000, 0x00000000d5a80000, 0x0000000100000000)
  eden space 2048K, 0% used [0x00000000d5580000,0x00000000d5580000,0x00000000d5780000)
  from space 512K, 100% used [0x00000000d5a00000,0x00000000d5a80000,0x00000000d5a80000)
  to   space 1536K, 0% used [0x00000000d5780000,0x00000000d5780000,0x00000000d5900000)
 ParOldGen       total 249856K, used 249456K [0x0000000080000000, 0x000000008f400000, 0x00000000d5580000)
  object space 249856K, 99% used [0x0000000080000000,0x000000008f39c248,0x000000008f400000)
 Metaspace       used 89045K, committed 90880K, reserved 1179648K
  class space    used 9455K, committed 10240K, reserved 1048576K
}
Event: 3823.470 GC heap before
{Heap before GC invocations=389 (full 4):
 PSYoungGen      total 2560K, used 2558K [0x00000000d5580000, 0x00000000d5a80000, 0x0000000100000000)
  eden space 2048K, 99% used [0x00000000d5580000,0x00000000d577f930,0x00000000d5780000)
  from space 512K, 100% used [0x00000000d5a00000,0x00000000d5a80000,0x00000000d5a80000)
  to   space 1536K, 0% used [0x00000000d5780000,0x00000000d5780000,0x00000000d5900000)
 ParOldGen       total 249856K, used 249456K [0x0000000080000000, 0x000000008f400000, 0x00000000d5580000)
  object space 249856K, 99% used [0x0000000080000000,0x000000008f39c248,0x000000008f400000)
 Metaspace       used 89066K, committed 90880K, reserved 1179648K
  class space    used 9455K, committed 10240K, reserved 1048576K
}
Event: 3823.475 GC heap after
{Heap after GC invocations=389 (full 4):
 PSYoungGen      total 3584K, used 320K [0x00000000d5580000, 0x00000000d5a80000, 0x0000000100000000)
  eden space 2048K, 0% used [0x00000000d5580000,0x00000000d5580000,0x00000000d5780000)
  from space 1536K, 20% used [0x00000000d5780000,0x00000000d57d0000,0x00000000d5900000)
  to   space 1024K, 0% used [0x00000000d5980000,0x00000000d5980000,0x00000000d5a80000)
 ParOldGen       total 249856K, used 249652K [0x0000000080000000, 0x000000008f400000, 0x00000000d5580000)
  object space 249856K, 99% used [0x0000000080000000,0x000000008f3cd258,0x000000008f400000)
 Metaspace       used 89066K, committed 90880K, reserved 1179648K
  class space    used 9455K, committed 10240K, reserved 1048576K
}
Event: 3823.508 GC heap before
{Heap before GC invocations=390 (full 4):
 PSYoungGen      total 3584K, used 2368K [0x00000000d5580000, 0x00000000d5a80000, 0x0000000100000000)
  eden space 2048K, 100% used [0x00000000d5580000,0x00000000d5780000,0x00000000d5780000)
  from space 1536K, 20% used [0x00000000d5780000,0x00000000d57d0000,0x00000000d5900000)
  to   space 1024K, 0% used [0x00000000d5980000,0x00000000d5980000,0x00000000d5a80000)
 ParOldGen       total 249856K, used 249652K [0x0000000080000000, 0x000000008f400000, 0x00000000d5580000)
  object space 249856K, 99% used [0x0000000080000000,0x000000008f3cd258,0x000000008f400000)
 Metaspace       used 89066K, committed 90880K, reserved 1179648K
  class space    used 9455K, committed 10240K, reserved 1048576K
}
Event: 3823.511 GC heap after
{Heap after GC invocations=390 (full 4):
 PSYoungGen      total 2560K, used 432K [0x00000000d5580000, 0x00000000d5a00000, 0x0000000100000000)
  eden space 2048K, 0% used [0x00000000d5580000,0x00000000d5580000,0x00000000d5780000)
  from space 512K, 84% used [0x00000000d5980000,0x00000000d59ec010,0x00000000d5a00000)
  to   space 512K, 0% used [0x00000000d5900000,0x00000000d5900000,0x00000000d5980000)
 ParOldGen       total 249856K, used 249748K [0x0000000080000000, 0x000000008f400000, 0x00000000d5580000)
  object space 249856K, 99% used [0x0000000080000000,0x000000008f3e5258,0x000000008f400000)
 Metaspace       used 89066K, committed 90880K, reserved 1179648K
  class space    used 9455K, committed 10240K, reserved 1048576K
}
Event: 4094.521 GC heap before
{Heap before GC invocations=391 (full 4):
 PSYoungGen      total 2560K, used 2480K [0x00000000d5580000, 0x00000000d5a00000, 0x0000000100000000)
  eden space 2048K, 100% used [0x00000000d5580000,0x00000000d5780000,0x00000000d5780000)
  from space 512K, 84% used [0x00000000d5980000,0x00000000d59ec010,0x00000000d5a00000)
  to   space 512K, 0% used [0x00000000d5900000,0x00000000d5900000,0x00000000d5980000)
 ParOldGen       total 249856K, used 249748K [0x0000000080000000, 0x000000008f400000, 0x00000000d5580000)
  object space 249856K, 99% used [0x0000000080000000,0x000000008f3e5258,0x000000008f400000)
 Metaspace       used 89071K, committed 90880K, reserved 1179648K
  class space    used 9455K, committed 10240K, reserved 1048576K
}
Event: 4094.674 GC heap after
{Heap after GC invocations=391 (full 4):
 PSYoungGen      total 2560K, used 288K [0x00000000d5580000, 0x00000000d5a00000, 0x0000000100000000)
  eden space 2048K, 0% used [0x00000000d5580000,0x00000000d5580000,0x00000000d5780000)
  from space 512K, 56% used [0x00000000d5900000,0x00000000d5948000,0x00000000d5980000)
  to   space 512K, 0% used [0x00000000d5980000,0x00000000d5980000,0x00000000d5a00000)
 ParOldGen       total 250368K, used 249900K [0x0000000080000000, 0x000000008f480000, 0x00000000d5580000)
  object space 250368K, 99% used [0x0000000080000000,0x000000008f40b258,0x000000008f480000)
 Metaspace       used 89071K, committed 90880K, reserved 1179648K
  class space    used 9455K, committed 10240K, reserved 1048576K
}
Event: 4120.172 GC heap before
{Heap before GC invocations=392 (full 4):
 PSYoungGen      total 2560K, used 2332K [0x00000000d5580000, 0x00000000d5a00000, 0x0000000100000000)
  eden space 2048K, 99% used [0x00000000d5580000,0x00000000d577f3e0,0x00000000d5780000)
  from space 512K, 56% used [0x00000000d5900000,0x00000000d5948000,0x00000000d5980000)
  to   space 512K, 0% used [0x00000000d5980000,0x00000000d5980000,0x00000000d5a00000)
 ParOldGen       total 250368K, used 249900K [0x0000000080000000, 0x000000008f480000, 0x00000000d5580000)
  object space 250368K, 99% used [0x0000000080000000,0x000000008f40b258,0x000000008f480000)
 Metaspace       used 89072K, committed 90880K, reserved 1179648K
  class space    used 9455K, committed 10240K, reserved 1048576K
}
Event: 4120.254 GC heap after
{Heap after GC invocations=392 (full 4):
 PSYoungGen      total 2560K, used 256K [0x00000000d5580000, 0x00000000d5a00000, 0x0000000100000000)
  eden space 2048K, 0% used [0x00000000d5580000,0x00000000d5580000,0x00000000d5780000)
  from space 512K, 50% used [0x00000000d5980000,0x00000000d59c0000,0x00000000d5a00000)
  to   space 512K, 0% used [0x00000000d5900000,0x00000000d5900000,0x00000000d5980000)
 ParOldGen       total 250368K, used 249948K [0x0000000080000000, 0x000000008f480000, 0x00000000d5580000)
  object space 250368K, 99% used [0x0000000080000000,0x000000008f417258,0x000000008f480000)
 Metaspace       used 89072K, committed 90880K, reserved 1179648K
  class space    used 9455K, committed 10240K, reserved 1048576K
}
Event: 4248.326 GC heap before
{Heap before GC invocations=393 (full 4):
 PSYoungGen      total 2560K, used 2304K [0x00000000d5580000, 0x00000000d5a00000, 0x0000000100000000)
  eden space 2048K, 100% used [0x00000000d5580000,0x00000000d5780000,0x00000000d5780000)
  from space 512K, 50% used [0x00000000d5980000,0x00000000d59c0000,0x00000000d5a00000)
  to   space 512K, 0% used [0x00000000d5900000,0x00000000d5900000,0x00000000d5980000)
 ParOldGen       total 250368K, used 249948K [0x0000000080000000, 0x000000008f480000, 0x00000000d5580000)
  object space 250368K, 99% used [0x0000000080000000,0x000000008f417258,0x000000008f480000)
 Metaspace       used 89078K, committed 90880K, reserved 1179648K
  class space    used 9455K, committed 10240K, reserved 1048576K
}
Event: 4248.429 GC heap after
{Heap after GC invocations=393 (full 4):
 PSYoungGen      total 2560K, used 288K [0x00000000d5580000, 0x00000000d5a00000, 0x0000000100000000)
  eden space 2048K, 0% used [0x00000000d5580000,0x00000000d5580000,0x00000000d5780000)
  from space 512K, 56% used [0x00000000d5900000,0x00000000d5948000,0x00000000d5980000)
  to   space 512K, 0% used [0x00000000d5980000,0x00000000d5980000,0x00000000d5a00000)
 ParOldGen       total 250368K, used 249972K [0x0000000080000000, 0x000000008f480000, 0x00000000d5580000)
  object space 250368K, 99% used [0x0000000080000000,0x000000008f41d258,0x000000008f480000)
 Metaspace       used 89078K, committed 90880K, reserved 1179648K
  class space    used 9455K, committed 10240K, reserved 1048576K
}
Event: 7338.055 GC heap before
{Heap before GC invocations=394 (full 4):
 PSYoungGen      total 2560K, used 2335K [0x00000000d5580000, 0x00000000d5a00000, 0x0000000100000000)
  eden space 2048K, 99% used [0x00000000d5580000,0x00000000d577fff0,0x00000000d5780000)
  from space 512K, 56% used [0x00000000d5900000,0x00000000d5948000,0x00000000d5980000)
  to   space 512K, 0% used [0x00000000d5980000,0x00000000d5980000,0x00000000d5a00000)
 ParOldGen       total 250368K, used 249972K [0x0000000080000000, 0x000000008f480000, 0x00000000d5580000)
  object space 250368K, 99% used [0x0000000080000000,0x000000008f41d258,0x000000008f480000)
 Metaspace       used 89089K, committed 90880K, reserved 1179648K
  class space    used 9455K, committed 10240K, reserved 1048576K
}
Event: 7338.149 GC heap after
{Heap after GC invocations=394 (full 4):
 PSYoungGen      total 2560K, used 224K [0x00000000d5580000, 0x00000000d5a00000, 0x0000000100000000)
  eden space 2048K, 0% used [0x00000000d5580000,0x00000000d5580000,0x00000000d5780000)
  from space 512K, 43% used [0x00000000d5980000,0x00000000d59b8000,0x00000000d5a00000)
  to   space 512K, 0% used [0x00000000d5900000,0x00000000d5900000,0x00000000d5980000)
 ParOldGen       total 250368K, used 249996K [0x0000000080000000, 0x000000008f480000, 0x00000000d5580000)
  object space 250368K, 99% used [0x0000000080000000,0x000000008f423258,0x000000008f480000)
 Metaspace       used 89089K, committed 90880K, reserved 1179648K
  class space    used 9455K, committed 10240K, reserved 1048576K
}
Event: 11551.044 GC heap before
{Heap before GC invocations=395 (full 4):
 PSYoungGen      total 2560K, used 2272K [0x00000000d5580000, 0x00000000d5a00000, 0x0000000100000000)
  eden space 2048K, 100% used [0x00000000d5580000,0x00000000d5780000,0x00000000d5780000)
  from space 512K, 43% used [0x00000000d5980000,0x00000000d59b8000,0x00000000d5a00000)
  to   space 512K, 0% used [0x00000000d5900000,0x00000000d5900000,0x00000000d5980000)
 ParOldGen       total 250368K, used 249996K [0x0000000080000000, 0x000000008f480000, 0x00000000d5580000)
  object space 250368K, 99% used [0x0000000080000000,0x000000008f423258,0x000000008f480000)
 Metaspace       used 89115K, committed 90944K, reserved 1179648K
  class space    used 9455K, committed 10240K, reserved 1048576K
}
Event: 11551.136 GC heap after
{Heap after GC invocations=395 (full 4):
 PSYoungGen      total 2560K, used 192K [0x00000000d5580000, 0x00000000d5a00000, 0x0000000100000000)
  eden space 2048K, 0% used [0x00000000d5580000,0x00000000d5580000,0x00000000d5780000)
  from space 512K, 37% used [0x00000000d5900000,0x00000000d5930000,0x00000000d5980000)
  to   space 512K, 0% used [0x00000000d5980000,0x00000000d5980000,0x00000000d5a00000)
 ParOldGen       total 250368K, used 250028K [0x0000000080000000, 0x000000008f480000, 0x00000000d5580000)
  object space 250368K, 99% used [0x0000000080000000,0x000000008f42b258,0x000000008f480000)
 Metaspace       used 89115K, committed 90944K, reserved 1179648K
  class space    used 9455K, committed 10240K, reserved 1048576K
}

